1532989542814	geckodriver	INFO	Listening on 127.0.0.1:60007
1532989543872	geckodriver::marionette	INFO	Starting browser /usr/lib/firefox/firefox.sh with args ["-marionette"]
1532989546213	Marionette	INFO	Listening on port 45563
1532989546305	Marionette	WARN	TLS certificate errors will be ignored for this session
1532989565438	geckodriver	INFO	Listening on 127.0.0.1:52045
1532989566496	geckodriver::marionette	INFO	Starting browser /usr/lib/firefox/firefox.sh with args ["-marionette"]
1532989568708	Marionette	INFO	Listening on port 45919
1532989568815	Marionette	WARN	TLS certificate errors will be ignored for this session
[Parent 8699, Gecko_IOThread] WARNING: pipe error (75): Connection reset by peer: file /build/firefox-oscv9o/firefox-61.0.1+build1/ipc/chromium/src/chrome/common/ipc_channel_posix.cc, line 353
*** UTM:SVC TimerManager:registerTimer called after profile-before-change notification. Ignoring timer registration for id: telemetry_modules_ping
[Parent 8483, Gecko_IOThread] WARNING: pipe error (71): Connection reset by peer: file /build/firefox-oscv9o/firefox-61.0.1+build1/ipc/chromium/src/chrome/common/ipc_channel_posix.cc, line 353
*** UTM:SVC TimerManager:registerTimer called after profile-before-change notification. Ignoring timer registration for id: telemetry_modules_ping
1532989596131	geckodriver	INFO	Listening on 127.0.0.1:58595
1532989597184	geckodriver::marionette	INFO	Starting browser /usr/lib/firefox/firefox.sh with args ["-marionette"]
1532989599431	Marionette	INFO	Listening on port 44489
1532989599507	Marionette	WARN	TLS certificate errors will be ignored for this session

(/usr/lib/firefox/firefox:8988): dconf-WARNING **: 17:26:49.968: Unable to open /var/lib/flatpak/exports/share/dconf/profile/user: Permission denied
[Parent 8924, Gecko_IOThread] WARNING: pipe error (60): Connection reset by peer: file /build/firefox-oscv9o/firefox-61.0.1+build1/ipc/chromium/src/chrome/common/ipc_channel_posix.cc, line 353
*** UTM:SVC TimerManager:registerTimer called after profile-before-change notification. Ignoring timer registration for id: telemetry_modules_ping
1532989654113	geckodriver	INFO	Listening on 127.0.0.1:56331
1532989655165	geckodriver::marionette	INFO	Starting browser /usr/lib/firefox/firefox.sh with args ["-marionette"]
1532989657356	Marionette	INFO	Listening on port 41693
1532989657375	Marionette	WARN	TLS certificate errors will be ignored for this session
[Child 9246, Chrome_ChildThread] WARNING: pipe error (22): Connection reset by peer: file /build/firefox-oscv9o/firefox-61.0.1+build1/ipc/chromium/src/chrome/common/ipc_channel_posix.cc, line 353
[Child 9246, Chrome_ChildThread] WARNING: pipe error (3): Connection reset by peer: file /build/firefox-oscv9o/firefox-61.0.1+build1/ipc/chromium/src/chrome/common/ipc_channel_posix.cc, line 353
1532989736131	geckodriver	INFO	Listening on 127.0.0.1:43263
1532989737190	geckodriver::marionette	INFO	Starting browser /usr/lib/firefox/firefox.sh with args ["-marionette"]
1532989739432	Marionette	INFO	Listening on port 35067
1532989739501	Marionette	WARN	TLS certificate errors will be ignored for this session
1532989791137	geckodriver	INFO	Listening on 127.0.0.1:34957
1532989792195	geckodriver::marionette	INFO	Starting browser /usr/lib/firefox/firefox.sh with args ["-marionette"]
1532989794286	Marionette	INFO	Listening on port 44791
1532989794331	Marionette	WARN	TLS certificate errors will be ignored for this session
1532989808826	geckodriver	INFO	Listening on 127.0.0.1:58423
1532989809885	geckodriver::marionette	INFO	Starting browser /usr/lib/firefox/firefox.sh with args ["-marionette"]
1532989811896	Marionette	INFO	Listening on port 43893
1532989812018	Marionette	WARN	TLS certificate errors will be ignored for this session

(/usr/lib/firefox/firefox:9957): dconf-WARNING **: 17:30:34.462: Unable to open /var/lib/flatpak/exports/share/dconf/profile/user: Permission denied
JavaScript error: javascript:%20(function(){document.open();document.domain="cdn.w55c.net";document.write('%3Chtml%3E%3Chead%3E%3Cscript%20type%3D%22text%2Fjavascript%22%3E(function()%7Btry%7Bwindow.%24dv%3Dwindow.%24dvbs%7C%7Cparent.%24dvbs%2Cwindow.%24dv.dvObjType%3D%22dvbs%22%7Dcatch(e)%7B%7D%7D)()%3B%3C%2Fscript%3E%3C%2Fhead%3E%3Cbody%3E%3Cscript%20type%3D%22text%2Fjavascript%22%3E(function(a)%7Bwindow.%24frmId%3DMath.random().toString(36)%2BMath.random().toString(36)%3Bfor(var%20b%3D%5B%7Bsrc%3A%22dv-match%22%2Cmain%3A6%7D%5D%2Cd%3D0%3Bd%3Cb.length%3Bd%2B%2B)%7Bvar%20f%3Db%5Bd%5D%2Ce%3Df.eval%26%26f.rate%26%26100*Math.random()%3Cf.rate%3Ff.eval%3Af.main%2Cg%3Ddocument.createElement(%22script%22)%3Bg.src%3D%22%2F%2F%22%2Ba%2B%22%2F%22%2Bf.src%2Be%2B%22.js%22%3Bg.async%3D!0%3Bdocument.body.appendChild(g)%7D%7D)(%22cdn.doubleverify.com%22)%3B%3C%2Fscript%3E%3Cscript%20type%3D%22text%2Fjavascript%22%3EsetTimeout(function()%20%7Bdocument.close()%3B%7D%2C%200)%3B%3C%2Fscript%3E%3C%2Fbody%3E%3C%2Fhtml%3E');})(), line 1: SecurityError: The operation is insecure.
*** UTM:SVC TimerManager:registerTimer called after profile-before-change notification. Ignoring timer registration for id: telemetry_modules_ping
1532989859464	geckodriver	INFO	Listening on 127.0.0.1:42225
1532989860514	geckodriver::marionette	INFO	Starting browser /usr/lib/firefox/firefox.sh with args ["-marionette"]
1532989862748	Marionette	INFO	Listening on port 33033
1532989862837	Marionette	WARN	TLS certificate errors will be ignored for this session
JavaScript error: javascript:%20(function(){document.open();document.domain="cdn.w55c.net";document.write('%3Chtml%3E%3Chead%3E%3Cscript%20type%3D%22text%2Fjavascript%22%3E(function()%7Btry%7Bwindow.%24dv%3Dwindow.%24dvbs%7C%7Cparent.%24dvbs%2Cwindow.%24dv.dvObjType%3D%22dvbs%22%7Dcatch(e)%7B%7D%7D)()%3B%3C%2Fscript%3E%3C%2Fhead%3E%3Cbody%3E%3Cscript%20type%3D%22text%2Fjavascript%22%3E(function(a)%7Bwindow.%24frmId%3DMath.random().toString(36)%2BMath.random().toString(36)%3Bfor(var%20b%3D%5B%7Bsrc%3A%22dv-match%22%2Cmain%3A6%7D%5D%2Cd%3D0%3Bd%3Cb.length%3Bd%2B%2B)%7Bvar%20f%3Db%5Bd%5D%2Ce%3Df.eval%26%26f.rate%26%26100*Math.random()%3Cf.rate%3Ff.eval%3Af.main%2Cg%3Ddocument.createElement(%22script%22)%3Bg.src%3D%22%2F%2F%22%2Ba%2B%22%2F%22%2Bf.src%2Be%2B%22.js%22%3Bg.async%3D!0%3Bdocument.body.appendChild(g)%7D%7D)(%22cdn.doubleverify.com%22)%3B%3C%2Fscript%3E%3Cscript%20type%3D%22text%2Fjavascript%22%3EsetTimeout(function()%20%7Bdocument.close()%3B%7D%2C%200)%3B%3C%2Fscript%3E%3C%2Fbody%3E%3C%2Fhtml%3E');})(), line 1: SecurityError: The operation is insecure.
[GFX1-]: Receive IPC close with reason=AbnormalShutdown
1532989942959	geckodriver	INFO	Listening on 127.0.0.1:36599
1532989944018	geckodriver::marionette	INFO	Starting browser /usr/lib/firefox/firefox.sh with args ["-marionette"]
1532989946788	Marionette	INFO	Listening on port 36569
1532989946833	Marionette	WARN	TLS certificate errors will be ignored for this session
[Parent 10829, Gecko_IOThread] WARNING: pipe error (53): Connection reset by peer: file /build/firefox-oscv9o/firefox-61.0.1+build1/ipc/chromium/src/chrome/common/ipc_channel_posix.cc, line 353
*** UTM:SVC TimerManager:registerTimer called after profile-before-change notification. Ignoring timer registration for id: telemetry_modules_ping
1532990011451	geckodriver	INFO	Listening on 127.0.0.1:43927
1532990012500	geckodriver::marionette	INFO	Starting browser /usr/lib/firefox/firefox.sh with args ["-marionette"]
1532990014768	Marionette	INFO	Listening on port 35655
1532990014823	Marionette	WARN	TLS certificate errors will be ignored for this session
[Child 11536, Chrome_ChildThread] WARNING: pipe error (22): Connection reset by peer: file /build/firefox-oscv9o/firefox-61.0.1+build1/ipc/chromium/src/chrome/common/ipc_channel_posix.cc, line 353
1532990142192	geckodriver	INFO	Listening on 127.0.0.1:39305
1532990143244	geckodriver::marionette	INFO	Starting browser /usr/lib/firefox/firefox.sh with args ["-marionette"]
1532990145634	Marionette	INFO	Listening on port 45893
1532990145659	Marionette	WARN	TLS certificate errors will be ignored for this session
[GFX1-]: Receive IPC close with reason=AbnormalShutdown
[Child 12021, Chrome_ChildThread] WARNING: pipe error (22): Connection reset by peer: file /build/firefox-oscv9o/firefox-61.0.1+build1/ipc/chromium/src/chrome/common/ipc_channel_posix.cc, line 353
[GFX1-]: Receive IPC close with reason=AbnormalShutdown
[Child 12021, Chrome_ChildThread] WARNING: pipe error (3): Connection reset by peer: file /build/firefox-oscv9o/firefox-61.0.1+build1/ipc/chromium/src/chrome/common/ipc_channel_posix.cc, line 353
1532990149046	geckodriver	INFO	Listening on 127.0.0.1:48881
1532990150104	geckodriver::marionette	INFO	Starting browser /usr/lib/firefox/firefox.sh with args ["-marionette"]
1532990152219	Marionette	INFO	Listening on port 43099
1532990152315	Marionette	WARN	TLS certificate errors will be ignored for this session
[Child 12201, Chrome_ChildThread] WARNING: pipe error (31): Connection reset by peer: file /build/firefox-oscv9o/firefox-61.0.1+build1/ipc/chromium/src/chrome/common/ipc_channel_posix.cc, line 353
[Child 12201, Chrome_ChildThread] WARNING: pipe error (24): Connection reset by peer: file /build/firefox-oscv9o/firefox-61.0.1+build1/ipc/chromium/src/chrome/common/ipc_channel_posix.cc, line 353
[Child 12201, Chrome_ChildThread] WARNING: pipe error (3): Connection reset by peer: file /build/firefox-oscv9o/firefox-61.0.1+build1/ipc/chromium/src/chrome/common/ipc_channel_posix.cc, line 353
1532990212633	geckodriver	INFO	Listening on 127.0.0.1:35407
1532990213691	geckodriver::marionette	INFO	Starting browser /usr/lib/firefox/firefox.sh with args ["-marionette"]
1532990215973	Marionette	INFO	Listening on port 44335
1532990216006	Marionette	WARN	TLS certificate errors will be ignored for this session
[Child 13073, Chrome_ChildThread] WARNING: pipe error (22): Connection reset by peer: file /build/firefox-oscv9o/firefox-61.0.1+build1/ipc/chromium/src/chrome/common/ipc_channel_posix.cc, line 353
[Child 13073, Chrome_ChildThread] WARNING: pipe error (3): Connection reset by peer: file /build/firefox-oscv9o/firefox-61.0.1+build1/ipc/chromium/src/chrome/common/ipc_channel_posix.cc, line 353
1533104997426	geckodriver	INFO	Listening on 127.0.0.1:47655
1533104998485	geckodriver::marionette	INFO	Starting browser /usr/lib/firefox/firefox.sh with args ["-marionette"]
1533105001340	Marionette	INFO	Listening on port 41247
1533105001402	Marionette	WARN	TLS certificate errors will be ignored for this session
[Child 5519, Chrome_ChildThread] WARNING: pipe error (18): Connection reset by peer: file /build/firefox-oscv9o/firefox-61.0.1+build1/ipc/chromium/src/chrome/common/ipc_channel_posix.cc, line 353
1533191502842	geckodriver	INFO	Listening on 127.0.0.1:44679
1533191503912	geckodriver::marionette	INFO	Starting browser /usr/lib/firefox/firefox.sh with args ["-marionette"]
1533191507423	Marionette	INFO	Listening on port 46067
1533191507442	Marionette	WARN	TLS certificate errors will be ignored for this session
[GFX1-]: Receive IPC close with reason=AbnormalShutdown
[Child 9667, Chrome_ChildThread] WARNING: pipe error (3): Connection reset by peer: file /build/firefox-oscv9o/firefox-61.0.1+build1/ipc/chromium/src/chrome/common/ipc_channel_posix.cc, line 353
1533324830862	geckodriver	INFO	Listening on 127.0.0.1:42471
1533324831921	geckodriver::marionette	INFO	Starting browser /usr/lib/firefox/firefox.sh with args ["-marionette"]
1533324835361	Marionette	INFO	Listening on port 40603
1533324835446	Marionette	WARN	TLS certificate errors will be ignored for this session
[Child 3722, Chrome_ChildThread] WARNING: pipe error (18): Connection reset by peer: file /build/firefox-oscv9o/firefox-61.0.1+build1/ipc/chromium/src/chrome/common/ipc_channel_posix.cc, line 353
[Child 3722, Chrome_ChildThread] WARNING: pipe error (3): Connection reset by peer: file /build/firefox-oscv9o/firefox-61.0.1+build1/ipc/chromium/src/chrome/common/ipc_channel_posix.cc, line 353
[Child 3694, Chrome_ChildThread] WARNING: pipe error (31): Connection reset by peer: file /build/firefox-oscv9o/firefox-61.0.1+build1/ipc/chromium/src/chrome/common/ipc_channel_posix.cc, line 353
[Child 3694, Chrome_ChildThread] WARNING: pipe error (22): Connection reset by peer: file /build/firefox-oscv9o/firefox-61.0.1+build1/ipc/chromium/src/chrome/common/ipc_channel_posix.cc, line 353
[Child 3694, Chrome_ChildThread] WARNING: pipe error (3): Connection reset by peer: file /build/firefox-oscv9o/firefox-61.0.1+build1/ipc/chromium/src/chrome/common/ipc_channel_posix.cc, line 353
